<?xml version="1.0" encoding="UTF-8"?>
<!-- Generated by org.testng.reporters.JUnitXMLReporter -->
<testsuite hostname="DEEPANSHU26" ignored="0" name="Test-Runner-2" tests="1" failures="1" timestamp="11 Apr 2019 01:44:48 GMT" time="7.509" errors="0">
  <testcase name="sample3Test" time="0.005" classname="testNgProgrammes.exampleTest5">
    <failure type="java.lang.NullPointerException">
      <![CDATA[java.lang.NullPointerException
at testNgProgrammes.exampleTest5.sample3Test(exampleTest5.java:32)
at java.util.concurrent.FutureTask.run(Unknown Source)
at java.util.concurrent.ThreadPoolExecutor.runWorker(Unknown Source)
at java.util.concurrent.ThreadPoolExecutor$Worker.run(Unknown Source)
at java.lang.Thread.run(Unknown Source)
... Removed 16 stack frames]]>
    </failure>
  </testcase> <!-- sample3Test -->
</testsuite> <!-- Test-Runner-2 -->
