<?xml version="1.0" encoding="UTF-8"?>
<!-- Generated by org.testng.reporters.JUnitXMLReporter -->
<testsuite hostname="DEEPANSHU26" ignored="0" name="Test-Runner 1" tests="2" failures="0" timestamp="11 Apr 2019 02:33:56 GMT" time="26.268" errors="0">
  <testcase name="sample3test" time="12.637" classname="testNgProgrammes.exampleTest5"/>
  <testcase name="sample4test" time="7.944" classname="testNgProgrammes.exampleTest5"/>
</testsuite> <!-- Test-Runner 1 -->
