<?xml version="1.0" encoding="UTF-8"?>
<!-- Generated by org.testng.reporters.JUnitXMLReporter -->
<testsuite hostname="DEEPANSHU26" ignored="0" name="Test-Runner 2" tests="2" failures="0" timestamp="11 Apr 2019 02:33:56 GMT" time="26.828" errors="0">
  <testcase name="sample3test" time="4.232" classname="testNgProgrammes.exampleTest5"/>
  <testcase name="sample4test" time="3.376" classname="testNgProgrammes.exampleTest5"/>
</testsuite> <!-- Test-Runner 2 -->
