<?xml version="1.0" encoding="UTF-8"?>
<!-- Generated by org.testng.reporters.JUnitReportReporter -->
<testsuite skipped="0" hostname="DEEPANSHU26" name="mavenSelenium.demo" tests="1" failures="0" timestamp="08 May 2019 08:52:15 GMT" time="26.666" errors="0">
  <testcase name="demoTest" time="26.666" classname="mavenSelenium.demo"/>
</testsuite> <!-- mavenSelenium.demo -->
