<?xml version="1.0" encoding="UTF-8"?>
<!-- Generated by org.testng.reporters.JUnitReportReporter -->
<testsuite skipped="0" hostname="DEEPANSHU26" name="mavenSelenium.maven_selenium" tests="1" failures="0" timestamp="07 May 2019 11:54:43 GMT" time="0.018" errors="0">
  <testcase name="mavenSeleniumTest" time="0.018" classname="mavenSelenium.maven_selenium"/>
</testsuite> <!-- mavenSelenium.maven_selenium -->
