<?xml version="1.0" encoding="UTF-8"?>
<!-- Generated by org.testng.reporters.JUnitReportReporter -->
<testsuite skipped="0" hostname="DEEPANSHU26" name="mavenSelenium.mavenSelniumDemo" tests="1" failures="0" timestamp="07 May 2019 12:39:15 GMT" time="0.015" errors="0">
  <testcase name="mavenSeleniumTest" time="0.015" classname="mavenSelenium.mavenSelniumDemo"/>
</testsuite> <!-- mavenSelenium.mavenSelniumDemo -->
