<?xml version="1.0" encoding="UTF-8"?>
<!-- Generated by org.testng.reporters.JUnitReportReporter -->
<testsuite skipped="0" hostname="DEEPANSHU26" name="com.wordPress.testcases.verifyLoginPage" tests="5" failures="0" timestamp="24 Apr 2019 07:35:16 GMT" time="25.775" errors="0">
  <testcase name="loginWordPressTest" time="6.683" classname="com.wordPress.testcases.verifyLoginPage"/>
  <testcase name="addNewPostTest" time="9.917" classname="com.wordPress.testcases.verifyLoginPage"/>
  <testcase name="write_postTest" time="0.152" classname="com.wordPress.testcases.verifyLoginPage"/>
  <testcase name="publish_postTest" time="5.389" classname="com.wordPress.testcases.verifyLoginPage"/>
  <testcase name="postVerificationTest" time="3.634" classname="com.wordPress.testcases.verifyLoginPage"/>
</testsuite> <!-- com.wordPress.testcases.verifyLoginPage -->
