<?xml version="1.0" encoding="UTF-8"?>
<!-- Generated by org.testng.reporters.JUnitReportReporter -->
<testsuite skipped="0" hostname="DEEPANSHU26" name="example.exampleTest" tests="1" failures="0" timestamp="09 Apr 2019 18:45:45 GMT" time="0.019" errors="0">
  <testcase name="arithmeticOperationTest" time="0.019" classname="example.exampleTest"/>
</testsuite> <!-- example.exampleTest -->
