<?xml version="1.0" encoding="UTF-8"?>
<!-- Generated by org.testng.reporters.JUnitReportReporter -->
<testsuite skipped="0" hostname="DEEPANSHU26" name="testNgProgrammes.exampleTest5" tests="4" failures="0" timestamp="11 Apr 2019 02:33:57 GMT" time="28.189" errors="0">
  <testcase name="sample3test" time="12.637" classname="testNgProgrammes.exampleTest5"/>
  <testcase name="sample3test" time="4.232" classname="testNgProgrammes.exampleTest5"/>
  <testcase name="sample4test" time="7.944" classname="testNgProgrammes.exampleTest5"/>
  <testcase name="sample4test" time="3.376" classname="testNgProgrammes.exampleTest5"/>
</testsuite> <!-- testNgProgrammes.exampleTest5 -->
