<?xml version="1.0" encoding="UTF-8"?>
<!-- Generated by org.testng.reporters.JUnitReportReporter -->
<testsuite skipped="0" hostname="DEEPANSHU26" name="testNgProgrammes.exampleTest" tests="1" failures="0" timestamp="10 Apr 2019 23:18:49 GMT" time="0.014" errors="0">
  <testcase name="checkoutTest" time="0.014" classname="testNgProgrammes.exampleTest"/>
</testsuite> <!-- testNgProgrammes.exampleTest -->
