<?xml version="1.0" encoding="UTF-8"?>
<!-- Generated by org.testng.reporters.JUnitReportReporter -->
<testsuite skipped="0" hostname="DEEPANSHU26" name="testNgProgrammes.exampleTest7" tests="1" failures="0" timestamp="12 Apr 2019 07:47:45 GMT" time="16.875" errors="0">
  <testcase name="screenshotTest" time="16.875" classname="testNgProgrammes.exampleTest7"/>
</testsuite> <!-- testNgProgrammes.exampleTest7 -->
