<?xml version="1.0" encoding="UTF-8"?>
<!-- Generated by org.testng.reporters.JUnitReportReporter -->
<testsuite skipped="1" hostname="DEEPANSHU26" name="testNgProgrammes.exampleTest4" tests="2" failures="0" timestamp="11 Apr 2019 01:27:19 GMT" time="22.936" errors="0">
  <testcase name="sampleTest" time="22.936" classname="testNgProgrammes.exampleTest4"/>
  <testcase name="sample2Test" classname="testNgProgrammes.exampleTest4">
    <skipped/>
  </testcase> <!-- sample2Test -->
</testsuite> <!-- testNgProgrammes.exampleTest4 -->
