<?xml version="1.0" encoding="UTF-8"?>
<!-- Generated by org.testng.reporters.JUnitReportReporter -->
<testsuite skipped="0" hostname="DEEPANSHU26" name="testNgProgrammes.exampleTest6" tests="3" failures="0" timestamp="12 Apr 2019 02:11:17 GMT" time="48.778" errors="0">
  <testcase name="sample6Test" time="16.568" classname="testNgProgrammes.exampleTest6"/>
  <testcase name="sample6Test" time="17.598" classname="testNgProgrammes.exampleTest6"/>
  <testcase name="sample6Test" time="14.612" classname="testNgProgrammes.exampleTest6"/>
</testsuite> <!-- testNgProgrammes.exampleTest6 -->
